Removed Pin From Net: NetName=NetDD2_14 Pin=DD2-14
Removed Pin From Net: NetName=NetDD2_15 Pin=DD2-15
Removed Pin From Net: NetName=PA7 Pin=DD2-17
Removed Pin From Net: NetName=NetDD2_15 Pin=DD3-16
Removed Pin From Net: NetName=NetDD2_14 Pin=DD3-17
Removed Pin From Net: NetName=NetDD2_13 Pin=DD3-22
Removed Pin From Net: NetName=PA7 Pin=XS4-3
Removed Pin From Net: NetName=PA6 Pin=XS4-4
Added Pin To Net: NetName=NetDD2_14 Pin=DD2-17
Added Pin To Net: NetName=NetDD2_15 Pin=DD2-18
Added Pin To Net: NetName=PA7 Pin=DD2-19
Added Pin To Net: NetName=PA7 Pin=DD3-16
Added Pin To Net: NetName=NetDD2_15 Pin=DD3-17
Added Pin To Net: NetName=NetDD2_14 Pin=DD3-22
Added Pin To Net: NetName=PA6 Pin=XS4-3
Added Pin To Net: NetName=NetDD2_13 Pin=XS4-4
Change Net Name : Old Net Name=NetDD2_13 New Net Name=PA3
Change Net Name : Old Net Name=NetDD2_14 New Net Name=NetDD2_17
Change Net Name : Old Net Name=NetDD2_15 New Net Name=NetDD2_18
Change Net Name : Old Net Name=PA7 New Net Name=NetDD2_19
Added Room: Name=Schematic
